<?xml version="1.0" encoding="UTF-8"?>
<!-- Generated by org.testng.reporters.JUnitXMLReporter -->
<testsuite ignored="0" hostname="GOPAL" failures="0" tests="3" name="EdgeTest" time="19.357" errors="0" timestamp="2025-01-22T17:38:41 IST">
  <testcase classname="com.testing.Searchbox_Interactions_Verifications" name="Searchbox_Displayed" time="0.072"/>
  <testcase classname="com.testing.Searchbox_Interactions_Verifications" name="Searchbox_input_text_Verification" time="0.208"/>
  <testcase classname="com.testing.Searchbox_Interactions_Verifications" name="Searchbox_button_Verification" time="3.882"/>
</testsuite> <!-- EdgeTest -->
