<?xml version="1.0" encoding="UTF-8"?>
<!-- Generated by org.testng.reporters.JUnitXMLReporter -->
<testsuite ignored="0" hostname="GOPAL" failures="0" tests="3" name="FirefoxTest" time="20.488" errors="0" timestamp="2025-01-22T17:38:22 IST">
  <testcase classname="com.testing.Searchbox_Interactions_Verifications" name="Searchbox_Displayed" time="0.33"/>
  <testcase classname="com.testing.Searchbox_Interactions_Verifications" name="Searchbox_input_text_Verification" time="0.689"/>
  <testcase classname="com.testing.Searchbox_Interactions_Verifications" name="Searchbox_button_Verification" time="2.558"/>
</testsuite> <!-- FirefoxTest -->
