<?xml version="1.0" encoding="UTF-8"?>
<!-- Generated by org.testng.reporters.JUnitXMLReporter -->
<testsuite ignored="0" hostname="GOPAL" failures="0" tests="13" name="HomePage_Contents_Verifications" time="8.373" errors="0" timestamp="2025-01-24T15:48:30 IST">
  <testcase classname="com.testing.HomePage_Contents_Verifications" name="HomePage_Title_Verification" time="0.147"/>
  <testcase classname="com.testing.HomePage_Contents_Verifications" name="HomePage_Url_Verification" time="0.016"/>
  <testcase classname="com.testing.HomePage_Contents_Verifications" name="HomePage_Website_Logo_Verification" time="0.075"/>
  <testcase classname="com.testing.HomePage_Contents_Verifications" name="HomePage_Searchbox_Verification" time="0.109"/>
  <testcase classname="com.testing.HomePage_Contents_Verifications" name="HomePage_Sections_Verification" time="0.063"/>
  <testcase classname="com.testing.HomePage_Contents_Verifications" name="HomePage_slide_image_section_Verification" time="0.051"/>
  <testcase classname="com.testing.HomePage_Contents_Verifications" name="HomePage_icons_section_Verification" time="0.056"/>
  <testcase classname="com.testing.HomePage_Contents_Verifications" name="HomePage_about_company_section_Verification" time="0.058"/>
  <testcase classname="com.testing.HomePage_Contents_Verifications" name="HomePage_info_section_Verification" time="0.05"/>
  <testcase classname="com.testing.HomePage_Contents_Verifications" name="HomePage_keypartner_section_Verification" time="0.041"/>
  <testcase classname="com.testing.HomePage_Contents_Verifications" name="HomePage_contact_section_Verification" time="0.039"/>
  <testcase classname="com.testing.HomePage_Contents_Verifications" name="HomePage_footer_section_Verification" time="0.044"/>
  <testcase classname="com.testing.HomePage_Contents_Verifications" name="HomePage_cookie_section_Verification" time="0.041"/>
</testsuite> <!-- HomePage_Contents_Verifications -->
