<?xml version="1.0" encoding="UTF-8"?>
<!-- Generated by org.testng.reporters.JUnitXMLReporter -->
<testsuite ignored="0" hostname="GOPAL" failures="0" tests="7" name="Sections_Interactions_Verifications" time="46.854" errors="0" timestamp="2025-01-24T15:49:17 IST">
  <testcase classname="com.testing.Sections_Interactions_Verifications" name="About_section" time="9.729"/>
  <testcase classname="com.testing.Sections_Interactions_Verifications" name="Programs_section" time="12.552"/>
  <testcase classname="com.testing.Sections_Interactions_Verifications" name="Services_section" time="3.327"/>
  <testcase classname="com.testing.Sections_Interactions_Verifications" name="CPR_section" time="8.312"/>
  <testcase classname="com.testing.Sections_Interactions_Verifications" name="Contact_section" time="1.513"/>
  <testcase classname="com.testing.Sections_Interactions_Verifications" name="News_section" time="2.005"/>
  <testcase classname="com.testing.Sections_Interactions_Verifications" name="Myacc_section" time="3.314"/>
</testsuite> <!-- Sections_Interactions_Verifications -->
