<?xml version="1.0" encoding="UTF-8"?>
<testsuite xmlns:xsi="http://www.w3.org/2001/XMLSchema-instance" xsi:noNamespaceSchemaLocation="https://maven.apache.org/surefire/maven-surefire-plugin/xsd/surefire-test-report-3.0.xsd" version="3.0" name="com.testing.HomePageTest" time="15.254" tests="13" errors="0" skipped="0" failures="0">
  <properties>
[...]
</properties>
  <testcase name="HomePage_Title_Verification" classname="com.testing.HomePageTest" time="0.182">
    <system-err><![CDATA[SLF4J: Failed to load class "org.slf4j.impl.StaticLoggerBinder".
SLF4J: Defaulting to no-operation (NOP) logger implementation
SLF4J: See http://www.slf4j.org/codes.html#StaticLoggerBinder for further details.
Jan 21, 2025 5:11:24 PM org.openqa.selenium.devtools.CdpVersionFinder findNearestMatch
WARNING: Unable to find an exact match for CDP version 132, returning the closest version; found: 131; Please update to a Selenium version that supports CDP version 132
]]></system-err>
  </testcase>
  <testcase name="HomePage_Url_Verification" classname="com.testing.HomePageTest" time="0.017"/>
  <testcase name="HomePage_Website_Logo_Verification" classname="com.testing.HomePageTest" time="0.116"/>
  <testcase name="HomePage_Searchbox_Verification" classname="com.testing.HomePageTest" time="0.064"/>
  <testcase name="HomePage_Sections_Verification" classname="com.testing.HomePageTest" time="0.048"/>
  <testcase name="HomePage_slide_image_section_Verification" classname="com.testing.HomePageTest" time="0.056"/>
  <testcase name="HomePage_icons_section_Verification" classname="com.testing.HomePageTest" time="0.064"/>
  <testcase name="HomePage_about_company_section_Verification" classname="com.testing.HomePageTest" time="0.05"/>
  <testcase name="HomePage_info_section_Verification" classname="com.testing.HomePageTest" time="0.05"/>
  <testcase name="HomePage_keypartner_section_Verification" classname="com.testing.HomePageTest" time="0.055"/>
  <testcase name="HomePage_contact_section_Verification" classname="com.testing.HomePageTest" time="0.048"/>
  <testcase name="HomePage_footer_section_Verification" classname="com.testing.HomePageTest" time="0.045"/>
  <testcase name="HomePage_cookie_section_Verification" classname="com.testing.HomePageTest" time="0.051"/>
</testsuite>