<?xml version="1.0" encoding="UTF-8"?>
<testsuite xmlns:xsi="http://www.w3.org/2001/XMLSchema-instance" xsi:noNamespaceSchemaLocation="https://maven.apache.org/surefire/maven-surefire-plugin/xsd/surefire-test-report-3.0.xsd" version="3.0" name="TestSuite" time="146.976" tests="28" errors="0" skipped="0" failures="3">
  <properties>
[...]
</properties>
  <testcase name="Contact_Us_Page" classname="com.testing.Contact_Us_Page_Verifications" time="6.703">
    <system-out><![CDATA[Maps icon verificaton :PASSED
Call us icon verificaton :PASSED
Fax icon verificaton :PASSED
Email icon verificaton :PASSED
]]></system-out>
    <system-err><![CDATA[SLF4J: Failed to load class "org.slf4j.impl.StaticLoggerBinder".
SLF4J: Defaulting to no-operation (NOP) logger implementation
SLF4J: See http://www.slf4j.org/codes.html#StaticLoggerBinder for further details.
]]></system-err>
  </testcase>
  <testcase name="HomePage_Title_Verification" classname="com.testing.HomePage_Contents_Verifications" time="0.241"/>
  <testcase name="HomePage_Url_Verification" classname="com.testing.HomePage_Contents_Verifications" time="0.017"/>
  <testcase name="HomePage_Website_Logo_Verification" classname="com.testing.HomePage_Contents_Verifications" time="0.072"/>
  <testcase name="HomePage_Searchbox_Verification" classname="com.testing.HomePage_Contents_Verifications" time="0.051"/>
  <testcase name="HomePage_Sections_Verification" classname="com.testing.HomePage_Contents_Verifications" time="0.047"/>
  <testcase name="HomePage_slide_image_section_Verification" classname="com.testing.HomePage_Contents_Verifications" time="0.046"/>
  <testcase name="HomePage_icons_section_Verification" classname="com.testing.HomePage_Contents_Verifications" time="0.047"/>
  <testcase name="HomePage_about_company_section_Verification" classname="com.testing.HomePage_Contents_Verifications" time="0.041"/>
  <testcase name="HomePage_info_section_Verification" classname="com.testing.HomePage_Contents_Verifications" time="0.041"/>
  <testcase name="HomePage_keypartner_section_Verification" classname="com.testing.HomePage_Contents_Verifications" time="0.037"/>
  <testcase name="HomePage_contact_section_Verification" classname="com.testing.HomePage_Contents_Verifications" time="0.043"/>
  <testcase name="HomePage_footer_section_Verification" classname="com.testing.HomePage_Contents_Verifications" time="0.043"/>
  <testcase name="HomePage_cookie_section_Verification" classname="com.testing.HomePage_Contents_Verifications" time="0.043"/>
  <testcase name="Register_acc_section" classname="com.testing.Register_and_Login_Verifications" time="17.661">
    <failure message="Expected condition failed: waiting for presence of element located by: By.xpath: //*[@id=&quot;post-381&quot;]/div/div/div[1]/div[1]/span[1] (tried for 10 second(s) with 500 milliseconds interval)" type="org.openqa.selenium.TimeoutException"><![CDATA[org.openqa.selenium.TimeoutException: Expected condition failed: waiting for presence of element located by: By.xpath: //*[@id="post-381"]/div/div/div[1]/div[1]/span[1] (tried for 10 second(s) with 500 milliseconds interval)
	at org.openqa.selenium.support.ui.WebDriverWait.timeoutException(WebDriverWait.java:84)
	at org.openqa.selenium.support.ui.FluentWait.until(FluentWait.java:228)
	at com.testing.Register_and_Login_Verifications.Register_acc_section(Register_and_Login_Verifications.java:47)
	at java.base/jdk.internal.reflect.DirectMethodHandleAccessor.invoke(DirectMethodHandleAccessor.java:103)
	at java.base/java.lang.reflect.Method.invoke(Method.java:580)
	at org.testng.internal.invokers.MethodInvocationHelper.invokeMethod(MethodInvocationHelper.java:139)
	at org.testng.internal.invokers.TestInvoker.invokeMethod(TestInvoker.java:664)
	at org.testng.internal.invokers.TestInvoker.invokeTestMethod(TestInvoker.java:227)
	at org.testng.internal.invokers.MethodRunner.runInSequence(MethodRunner.java:50)
	at org.testng.internal.invokers.TestInvoker$MethodInvocationAgent.invoke(TestInvoker.java:957)
	at org.testng.internal.invokers.TestInvoker.invokeTestMethods(TestInvoker.java:200)
	at org.testng.internal.invokers.TestMethodWorker.invokeTestMethods(TestMethodWorker.java:148)
	at org.testng.internal.invokers.TestMethodWorker.run(TestMethodWorker.java:128)
	at java.base/java.util.ArrayList.forEach(ArrayList.java:1597)
	at org.testng.TestRunner.privateRun(TestRunner.java:848)
	at org.testng.TestRunner.run(TestRunner.java:621)
	at org.testng.SuiteRunner.runTest(SuiteRunner.java:443)
	at org.testng.SuiteRunner.runSequentially(SuiteRunner.java:437)
	at org.testng.SuiteRunner.privateRun(SuiteRunner.java:397)
	at org.testng.SuiteRunner.run(SuiteRunner.java:336)
	at org.testng.SuiteRunnerWorker.runSuite(SuiteRunnerWorker.java:52)
	at org.testng.SuiteRunnerWorker.run(SuiteRunnerWorker.java:95)
	at org.testng.TestNG.runSuitesSequentially(TestNG.java:1280)
	at org.testng.TestNG.runSuitesLocally(TestNG.java:1200)
	at org.testng.TestNG.runSuites(TestNG.java:1114)
	at org.testng.TestNG.run(TestNG.java:1082)
	at org.apache.maven.surefire.testng.TestNGExecutor.run(TestNGExecutor.java:151)
	at org.apache.maven.surefire.testng.TestNGDirectoryTestSuite.executeMulti(TestNGDirectoryTestSuite.java:192)
	at org.apache.maven.surefire.testng.TestNGDirectoryTestSuite.execute(TestNGDirectoryTestSuite.java:93)
	at org.apache.maven.surefire.testng.TestNGProvider.invoke(TestNGProvider.java:155)
	at org.apache.maven.surefire.booter.ForkedBooter.runSuitesInProcess(ForkedBooter.java:456)
	at org.apache.maven.surefire.booter.ForkedBooter.execute(ForkedBooter.java:169)
	at org.apache.maven.surefire.booter.ForkedBooter.run(ForkedBooter.java:595)
	at org.apache.maven.surefire.booter.ForkedBooter.main(ForkedBooter.java:581)
Caused by: org.openqa.selenium.NoSuchElementException: no such element: Unable to locate element: {"method":"xpath","selector":"//*[@id="post-381"]/div/div/div[1]/div[1]/span[1]"}
  (Session info: chrome=132.0.6834.84)
For documentation on this error, please visit: https://www.selenium.dev/documentation/webdriver/troubleshooting/errors#no-such-element-exception
Build info: version: '4.28.0', revision: 'ac342546e9'
System info: os.name: 'Windows 11', os.arch: 'amd64', os.version: '10.0', java.version: '23.0.1'
Driver info: org.openqa.selenium.chrome.ChromeDriver
Command: [59dfb7088576de75a6dda852bf05693b, findElement {using=xpath, value=//*[@id="post-381"]/div/div/div[1]/div[1]/span[1]}]
Capabilities {acceptInsecureCerts: false, browserName: chrome, browserVersion: 132.0.6834.84, chrome: {chromedriverVersion: 132.0.6834.110 (df453a35f09..., userDataDir: C:\Users\HP\AppData\Local\T...}, fedcm:accounts: true, goog:chromeOptions: {debuggerAddress: localhost:4875}, networkConnectionEnabled: false, pageLoadStrategy: normal, platformName: windows, proxy: Proxy(), se:cdp: ws://localhost:4875/devtool..., se:cdpVersion: 132.0.6834.84, setWindowRect: true, strictFileInteractability: false, timeouts: {implicit: 0, pageLoad: 300000, script: 30000}, unhandledPromptBehavior: dismiss and notify, webauthn:extension:credBlob: true, webauthn:extension:largeBlob: true, webauthn:extension:minPinLength: true, webauthn:extension:prf: true, webauthn:virtualAuthenticators: true}
Session ID: 59dfb7088576de75a6dda852bf05693b
	at java.base/jdk.internal.reflect.DirectConstructorHandleAccessor.newInstance(DirectConstructorHandleAccessor.java:62)
	at java.base/java.lang.reflect.Constructor.newInstanceWithCaller(Constructor.java:501)
	at java.base/java.lang.reflect.Constructor.newInstance(Constructor.java:485)
	at org.openqa.selenium.remote.ErrorCodec.decode(ErrorCodec.java:167)
	at org.openqa.selenium.remote.codec.w3c.W3CHttpResponseCodec.decode(W3CHttpResponseCodec.java:138)
	at org.openqa.selenium.remote.codec.w3c.W3CHttpResponseCodec.decode(W3CHttpResponseCodec.java:50)
	at org.openqa.selenium.remote.HttpCommandExecutor.execute(HttpCommandExecutor.java:215)
	at org.openqa.selenium.remote.service.DriverCommandExecutor.invokeExecute(DriverCommandExecutor.java:216)
	at org.openqa.selenium.remote.service.DriverCommandExecutor.execute(DriverCommandExecutor.java:174)
	at org.openqa.selenium.remote.RemoteWebDriver.execute(RemoteWebDriver.java:545)
	at org.openqa.selenium.remote.ElementLocation$ElementFinder$2.findElement(ElementLocation.java:165)
	at org.openqa.selenium.remote.ElementLocation.findElement(ElementLocation.java:59)
	at org.openqa.selenium.remote.RemoteWebDriver.findElement(RemoteWebDriver.java:368)
	at org.openqa.selenium.remote.RemoteWebDriver.findElement(RemoteWebDriver.java:362)
	at org.openqa.selenium.support.ui.ExpectedConditions$6.apply(ExpectedConditions.java:171)
	at org.openqa.selenium.support.ui.ExpectedConditions$6.apply(ExpectedConditions.java:168)
	at org.openqa.selenium.support.ui.FluentWait.until(FluentWait.java:203)
	... 32 more
]]></failure>
  </testcase>
  <testcase name="Login_acc_section" classname="com.testing.Register_and_Login_Verifications" time="12.837">
    <system-out><![CDATA[Verified login
]]></system-out>
  </testcase>
  <testcase name="Reset_password_section" classname="com.testing.Register_and_Login_Verifications" time="11.632">
    <system-out><![CDATA[Password reset email has been sent.
]]></system-out>
  </testcase>
  <testcase name="Login_and_Reset_section" classname="com.testing.Register_and_Login_Verifications" time="12.056">
    <failure message="element click intercepted: Element &lt;button type=&quot;submit&quot; class=&quot;woocommerce-Button button&quot; name=&quot;save_account_details&quot; value=&quot;...&quot;&gt;Save changes&lt;/button&gt; is not clickable at point (1254, 632). Other element would receive the click: &lt;a aria-label=&quot;dismiss cookie message&quot; role=&quot;button&quot; tabindex=&quot;0&quot; class=&quot;cc-btn cc-dismiss&quot;&gt;...&lt;/a&gt;&#10;  (Session info: chrome=132.0.6834.84)&#10;Build info: version: &apos;4.28.0&apos;, revision: &apos;ac342546e9&apos;&#10;System info: os.name: &apos;Windows 11&apos;, os.arch: &apos;amd64&apos;, os.version: &apos;10.0&apos;, java.version: &apos;23.0.1&apos;&#10;Driver info: org.openqa.selenium.chrome.ChromeDriver&#10;Command: [59dfb7088576de75a6dda852bf05693b, clickElement {id=f.F92D7C86C65F55CF1F7E7DFD749B955E.d.FB070899DFB64B116BE65439B8202C3F.e.583}]&#10;Capabilities {acceptInsecureCerts: false, browserName: chrome, browserVersion: 132.0.6834.84, chrome: {chromedriverVersion: 132.0.6834.110 (df453a35f09..., userDataDir: C:\Users\HP\AppData\Local\T...}, fedcm:accounts: true, goog:chromeOptions: {debuggerAddress: localhost:4875}, networkConnectionEnabled: false, pageLoadStrategy: normal, platformName: windows, proxy: Proxy(), se:cdp: ws://localhost:4875/devtool..., se:cdpVersion: 132.0.6834.84, setWindowRect: true, strictFileInteractability: false, timeouts: {implicit: 0, pageLoad: 300000, script: 30000}, unhandledPromptBehavior: dismiss and notify, webauthn:extension:credBlob: true, webauthn:extension:largeBlob: true, webauthn:extension:minPinLength: true, webauthn:extension:prf: true, webauthn:virtualAuthenticators: true}&#10;Element: [[ChromeDriver: chrome on windows (59dfb7088576de75a6dda852bf05693b)] -&gt; xpath: //*[@id=&quot;post-381&quot;]/div/div/div[2]/form/p[5]/button]&#10;Session ID: 59dfb7088576de75a6dda852bf05693b" type="org.openqa.selenium.ElementClickInterceptedException"><![CDATA[org.openqa.selenium.ElementClickInterceptedException: 
element click intercepted: Element <button type="submit" class="woocommerce-Button button" name="save_account_details" value="...">Save changes</button> is not clickable at point (1254, 632). Other element would receive the click: <a aria-label="dismiss cookie message" role="button" tabindex="0" class="cc-btn cc-dismiss">...</a>
  (Session info: chrome=132.0.6834.84)
Build info: version: '4.28.0', revision: 'ac342546e9'
System info: os.name: 'Windows 11', os.arch: 'amd64', os.version: '10.0', java.version: '23.0.1'
Driver info: org.openqa.selenium.chrome.ChromeDriver
Command: [59dfb7088576de75a6dda852bf05693b, clickElement {id=f.F92D7C86C65F55CF1F7E7DFD749B955E.d.FB070899DFB64B116BE65439B8202C3F.e.583}]
Capabilities {acceptInsecureCerts: false, browserName: chrome, browserVersion: 132.0.6834.84, chrome: {chromedriverVersion: 132.0.6834.110 (df453a35f09..., userDataDir: C:\Users\HP\AppData\Local\T...}, fedcm:accounts: true, goog:chromeOptions: {debuggerAddress: localhost:4875}, networkConnectionEnabled: false, pageLoadStrategy: normal, platformName: windows, proxy: Proxy(), se:cdp: ws://localhost:4875/devtool..., se:cdpVersion: 132.0.6834.84, setWindowRect: true, strictFileInteractability: false, timeouts: {implicit: 0, pageLoad: 300000, script: 30000}, unhandledPromptBehavior: dismiss and notify, webauthn:extension:credBlob: true, webauthn:extension:largeBlob: true, webauthn:extension:minPinLength: true, webauthn:extension:prf: true, webauthn:virtualAuthenticators: true}
Element: [[ChromeDriver: chrome on windows (59dfb7088576de75a6dda852bf05693b)] -> xpath: //*[@id="post-381"]/div/div/div[2]/form/p[5]/button]
Session ID: 59dfb7088576de75a6dda852bf05693b
	at java.base/jdk.internal.reflect.DirectConstructorHandleAccessor.newInstance(DirectConstructorHandleAccessor.java:62)
	at java.base/java.lang.reflect.Constructor.newInstanceWithCaller(Constructor.java:501)
	at java.base/java.lang.reflect.Constructor.newInstance(Constructor.java:485)
	at org.openqa.selenium.remote.ErrorCodec.decode(ErrorCodec.java:167)
	at org.openqa.selenium.remote.codec.w3c.W3CHttpResponseCodec.decode(W3CHttpResponseCodec.java:138)
	at org.openqa.selenium.remote.codec.w3c.W3CHttpResponseCodec.decode(W3CHttpResponseCodec.java:50)
	at org.openqa.selenium.remote.HttpCommandExecutor.execute(HttpCommandExecutor.java:215)
	at org.openqa.selenium.remote.service.DriverCommandExecutor.invokeExecute(DriverCommandExecutor.java:216)
	at org.openqa.selenium.remote.service.DriverCommandExecutor.execute(DriverCommandExecutor.java:174)
	at org.openqa.selenium.remote.RemoteWebDriver.execute(RemoteWebDriver.java:545)
	at org.openqa.selenium.remote.RemoteWebElement.execute(RemoteWebElement.java:223)
	at org.openqa.selenium.remote.RemoteWebElement.click(RemoteWebElement.java:76)
	at com.testing.Register_and_Login_Verifications.Login_and_Reset_section(Register_and_Login_Verifications.java:127)
	at java.base/jdk.internal.reflect.DirectMethodHandleAccessor.invoke(DirectMethodHandleAccessor.java:103)
	at java.base/java.lang.reflect.Method.invoke(Method.java:580)
	at org.testng.internal.invokers.MethodInvocationHelper.invokeMethod(MethodInvocationHelper.java:139)
	at org.testng.internal.invokers.TestInvoker.invokeMethod(TestInvoker.java:664)
	at org.testng.internal.invokers.TestInvoker.invokeTestMethod(TestInvoker.java:227)
	at org.testng.internal.invokers.MethodRunner.runInSequence(MethodRunner.java:50)
	at org.testng.internal.invokers.TestInvoker$MethodInvocationAgent.invoke(TestInvoker.java:957)
	at org.testng.internal.invokers.TestInvoker.invokeTestMethods(TestInvoker.java:200)
	at org.testng.internal.invokers.TestMethodWorker.invokeTestMethods(TestMethodWorker.java:148)
	at org.testng.internal.invokers.TestMethodWorker.run(TestMethodWorker.java:128)
	at java.base/java.util.ArrayList.forEach(ArrayList.java:1597)
	at org.testng.TestRunner.privateRun(TestRunner.java:848)
	at org.testng.TestRunner.run(TestRunner.java:621)
	at org.testng.SuiteRunner.runTest(SuiteRunner.java:443)
	at org.testng.SuiteRunner.runSequentially(SuiteRunner.java:437)
	at org.testng.SuiteRunner.privateRun(SuiteRunner.java:397)
	at org.testng.SuiteRunner.run(SuiteRunner.java:336)
	at org.testng.SuiteRunnerWorker.runSuite(SuiteRunnerWorker.java:52)
	at org.testng.SuiteRunnerWorker.run(SuiteRunnerWorker.java:95)
	at org.testng.TestNG.runSuitesSequentially(TestNG.java:1280)
	at org.testng.TestNG.runSuitesLocally(TestNG.java:1200)
	at org.testng.TestNG.runSuites(TestNG.java:1114)
	at org.testng.TestNG.run(TestNG.java:1082)
	at org.apache.maven.surefire.testng.TestNGExecutor.run(TestNGExecutor.java:151)
	at org.apache.maven.surefire.testng.TestNGDirectoryTestSuite.executeMulti(TestNGDirectoryTestSuite.java:192)
	at org.apache.maven.surefire.testng.TestNGDirectoryTestSuite.execute(TestNGDirectoryTestSuite.java:93)
	at org.apache.maven.surefire.testng.TestNGProvider.invoke(TestNGProvider.java:155)
	at org.apache.maven.surefire.booter.ForkedBooter.runSuitesInProcess(ForkedBooter.java:456)
	at org.apache.maven.surefire.booter.ForkedBooter.execute(ForkedBooter.java:169)
	at org.apache.maven.surefire.booter.ForkedBooter.run(ForkedBooter.java:595)
	at org.apache.maven.surefire.booter.ForkedBooter.main(ForkedBooter.java:581)
]]></failure>
  </testcase>
  <testcase name="Searchbox_Displayed" classname="com.testing.Searchbox_Interactions_Verifications" time="0.087"/>
  <testcase name="Searchbox_input_text_Verification" classname="com.testing.Searchbox_Interactions_Verifications" time="0.296"/>
  <testcase name="Searchbox_button_Verification" classname="com.testing.Searchbox_Interactions_Verifications" time="1.748"/>
  <testcase name="About_section" classname="com.testing.Sections_Interactions_Verifications" time="9.343">
    <system-out><![CDATA[Navigating to: Board of Directors
URL of navigated location:https://westfloridaahec.org/board-of-directors/
URL after navigation back:https://westfloridaahec.org/#
Navigating to: Staff
URL of navigated location:https://westfloridaahec.org/staff/
URL after navigation back:https://westfloridaahec.org/#
Navigating to: Partners
URL of navigated location:https://westfloridaahec.org/partners-and-memberships/
URL after navigation back:https://westfloridaahec.org/#
Navigating to: Work With Us
URL of navigated location:https://westfloridaahec.org/job-openings/
URL after navigation back:https://westfloridaahec.org/#
Navigating to: History of AHEC
URL of navigated location:https://westfloridaahec.org/history-of-ahec/
URL after navigation back:https://westfloridaahec.org/#
]]></system-out>
  </testcase>
  <testcase name="Programs_section" classname="com.testing.Sections_Interactions_Verifications" time="12.281">
    <failure message="Expected condition failed: waiting for element to be clickable: [[ChromeDriver: chrome on windows (ab636ffd8b052b64b57a0f386bc7df7a)] -&gt; xpath: //*[@id=&apos;menu-item-264&apos;]/ul/li/a] (tried for 10 second(s) with 500 milliseconds interval)&#10;Build info: version: &apos;4.28.0&apos;, revision: &apos;ac342546e9&apos;&#10;System info: os.name: &apos;Windows 11&apos;, os.arch: &apos;amd64&apos;, os.version: &apos;10.0&apos;, java.version: &apos;23.0.1&apos;&#10;Driver info: org.openqa.selenium.chrome.ChromeDriver&#10;Capabilities {acceptInsecureCerts: false, browserName: chrome, browserVersion: 132.0.6834.84, chrome: {chromedriverVersion: 132.0.6834.110 (df453a35f09..., userDataDir: C:\Users\HP\AppData\Local\T...}, fedcm:accounts: true, goog:chromeOptions: {debuggerAddress: localhost:4976}, networkConnectionEnabled: false, pageLoadStrategy: normal, platformName: windows, proxy: Proxy(), se:cdp: ws://localhost:4976/devtool..., se:cdpVersion: 132.0.6834.84, setWindowRect: true, strictFileInteractability: false, timeouts: {implicit: 0, pageLoad: 300000, script: 30000}, unhandledPromptBehavior: dismiss and notify, webauthn:extension:credBlob: true, webauthn:extension:largeBlob: true, webauthn:extension:minPinLength: true, webauthn:extension:prf: true, webauthn:virtualAuthenticators: true}&#10;Session ID: ab636ffd8b052b64b57a0f386bc7df7a" type="org.openqa.selenium.TimeoutException"><![CDATA[org.openqa.selenium.TimeoutException: 
Expected condition failed: waiting for element to be clickable: [[ChromeDriver: chrome on windows (ab636ffd8b052b64b57a0f386bc7df7a)] -> xpath: //*[@id='menu-item-264']/ul/li/a] (tried for 10 second(s) with 500 milliseconds interval)
Build info: version: '4.28.0', revision: 'ac342546e9'
System info: os.name: 'Windows 11', os.arch: 'amd64', os.version: '10.0', java.version: '23.0.1'
Driver info: org.openqa.selenium.chrome.ChromeDriver
Capabilities {acceptInsecureCerts: false, browserName: chrome, browserVersion: 132.0.6834.84, chrome: {chromedriverVersion: 132.0.6834.110 (df453a35f09..., userDataDir: C:\Users\HP\AppData\Local\T...}, fedcm:accounts: true, goog:chromeOptions: {debuggerAddress: localhost:4976}, networkConnectionEnabled: false, pageLoadStrategy: normal, platformName: windows, proxy: Proxy(), se:cdp: ws://localhost:4976/devtool..., se:cdpVersion: 132.0.6834.84, setWindowRect: true, strictFileInteractability: false, timeouts: {implicit: 0, pageLoad: 300000, script: 30000}, unhandledPromptBehavior: dismiss and notify, webauthn:extension:credBlob: true, webauthn:extension:largeBlob: true, webauthn:extension:minPinLength: true, webauthn:extension:prf: true, webauthn:virtualAuthenticators: true}
Session ID: ab636ffd8b052b64b57a0f386bc7df7a
	at org.openqa.selenium.support.ui.WebDriverWait.timeoutException(WebDriverWait.java:84)
	at org.openqa.selenium.support.ui.FluentWait.until(FluentWait.java:228)
	at com.testing.Sections_Interactions_Verifications.Programs_section(Sections_Interactions_Verifications.java:70)
	at java.base/jdk.internal.reflect.DirectMethodHandleAccessor.invoke(DirectMethodHandleAccessor.java:103)
	at java.base/java.lang.reflect.Method.invoke(Method.java:580)
	at org.testng.internal.invokers.MethodInvocationHelper.invokeMethod(MethodInvocationHelper.java:139)
	at org.testng.internal.invokers.TestInvoker.invokeMethod(TestInvoker.java:664)
	at org.testng.internal.invokers.TestInvoker.invokeTestMethod(TestInvoker.java:227)
	at org.testng.internal.invokers.MethodRunner.runInSequence(MethodRunner.java:50)
	at org.testng.internal.invokers.TestInvoker$MethodInvocationAgent.invoke(TestInvoker.java:957)
	at org.testng.internal.invokers.TestInvoker.invokeTestMethods(TestInvoker.java:200)
	at org.testng.internal.invokers.TestMethodWorker.invokeTestMethods(TestMethodWorker.java:148)
	at org.testng.internal.invokers.TestMethodWorker.run(TestMethodWorker.java:128)
	at java.base/java.util.ArrayList.forEach(ArrayList.java:1597)
	at org.testng.TestRunner.privateRun(TestRunner.java:848)
	at org.testng.TestRunner.run(TestRunner.java:621)
	at org.testng.SuiteRunner.runTest(SuiteRunner.java:443)
	at org.testng.SuiteRunner.runSequentially(SuiteRunner.java:437)
	at org.testng.SuiteRunner.privateRun(SuiteRunner.java:397)
	at org.testng.SuiteRunner.run(SuiteRunner.java:336)
	at org.testng.SuiteRunnerWorker.runSuite(SuiteRunnerWorker.java:52)
	at org.testng.SuiteRunnerWorker.run(SuiteRunnerWorker.java:95)
	at org.testng.TestNG.runSuitesSequentially(TestNG.java:1280)
	at org.testng.TestNG.runSuitesLocally(TestNG.java:1200)
	at org.testng.TestNG.runSuites(TestNG.java:1114)
	at org.testng.TestNG.run(TestNG.java:1082)
	at org.apache.maven.surefire.testng.TestNGExecutor.run(TestNGExecutor.java:151)
	at org.apache.maven.surefire.testng.TestNGDirectoryTestSuite.executeMulti(TestNGDirectoryTestSuite.java:192)
	at org.apache.maven.surefire.testng.TestNGDirectoryTestSuite.execute(TestNGDirectoryTestSuite.java:93)
	at org.apache.maven.surefire.testng.TestNGProvider.invoke(TestNGProvider.java:155)
	at org.apache.maven.surefire.booter.ForkedBooter.runSuitesInProcess(ForkedBooter.java:456)
	at org.apache.maven.surefire.booter.ForkedBooter.execute(ForkedBooter.java:169)
	at org.apache.maven.surefire.booter.ForkedBooter.run(ForkedBooter.java:595)
	at org.apache.maven.surefire.booter.ForkedBooter.main(ForkedBooter.java:581)
]]></failure>
    <system-out><![CDATA[Navigating to: Tobacco
URL of navigated location:https://westfloridaahec.org/tobacco/
URL after navigation back:https://westfloridaahec.org/#
Navigating to: 
]]></system-out>
  </testcase>
  <testcase name="Services_section" classname="com.testing.Sections_Interactions_Verifications" time="3.383">
    <system-out><![CDATA[Navigating to: Community Based Student Education and Training
URL of navigated location:https://westfloridaahec.org/community-based-student-education-and-training/
URL after navigation back:https://westfloridaahec.org/#
Navigating to: Continuing Education Services
URL of navigated location:https://westfloridaahec.org/continuing-education-services/
URL after navigation back:https://westfloridaahec.org/#
]]></system-out>
  </testcase>
  <testcase name="CPR_section" classname="com.testing.Sections_Interactions_Verifications" time="8.73">
    <system-out><![CDATA[Navigating to: Shop
URL of navigated location:https://westfloridaahec.org/shop/
URL after navigation back:https://westfloridaahec.org/#
Navigating to: Books
URL of navigated location:https://westfloridaahec.org/product-category/books/
URL after navigation back:https://westfloridaahec.org/#
Navigating to: Cards
URL of navigated location:https://westfloridaahec.org/product-category/cards/
URL after navigation back:https://westfloridaahec.org/#
Navigating to: Rentals
URL of navigated location:https://westfloridaahec.org/product-category/rentals/
URL after navigation back:https://westfloridaahec.org/#
Navigating to: CPR Classes
URL of navigated location:https://westfloridaahec.org/cpr-classes/
URL after navigation back:https://westfloridaahec.org/#
]]></system-out>
  </testcase>
  <testcase name="Contact_section" classname="com.testing.Sections_Interactions_Verifications" time="1.66">
    <system-out><![CDATA[URL of navigated location:https://westfloridaahec.org/contact-us/
URL after navigation back:https://westfloridaahec.org/#
]]></system-out>
  </testcase>
  <testcase name="News_section" classname="com.testing.Sections_Interactions_Verifications" time="1.665">
    <system-out><![CDATA[URL of navigated location:https://westfloridaahec.org/community-blog/
URL after navigation back:https://westfloridaahec.org/#
]]></system-out>
  </testcase>
  <testcase name="Myacc_section" classname="com.testing.Sections_Interactions_Verifications" time="3.316">
    <system-out><![CDATA[URL of navigated location:https://westfloridaahec.org/my-account/
URL after navigation back:https://westfloridaahec.org/#
]]></system-out>
  </testcase>
</testsuite>